17:23:13.759 [main] INFO  csci.ooad.holdEm -- Starting hand 1... 

17:27:03.720 [main] INFO  csci.ooad.holdEm -- Starting hand 1... 

17:27:29.189 [main] INFO  csci.ooad.holdEm -- Player Johnny folds.
17:30:23.068 [main] INFO  csci.ooad.holdEm -- Starting hand 1... 

17:30:47.979 [main] INFO  csci.ooad.holdEm -- Player Johnny folds.
17:31:03.331 [main] INFO  csci.ooad.holdEm -- Player Phil folds.
17:33:16.780 [main] INFO  csci.ooad.holdEm -- Player Daniel folds.
17:33:26.299 [main] INFO  csci.ooad.holdEm -- Player You wins the pot of 505
17:33:31.874 [main] INFO  csci.ooad.holdEm -- Starting hand 2... 

17:41:15.906 [main] INFO  csci.ooad.holdEm -- Player You wins the pot of 100
17:43:28.535 [Test worker] INFO  csci.ooad.holdEm -- Starting hand 1... 

17:44:07.949 [Test worker] INFO  csci.ooad.holdEm -- Starting hand 1... 

17:46:15.374 [main] INFO  csci.ooad.holdEm -- Player You wins the pot of 100
17:46:20.626 [main] INFO  csci.ooad.holdEm -- Starting hand 1... 

17:46:24.973 [main] INFO  csci.ooad.holdEm -- Player Phil wins the pot of 0
17:46:30.058 [main] INFO  csci.ooad.holdEm -- Starting hand 1... 

17:46:34.406 [main] INFO  csci.ooad.holdEm -- Player Phil wins the pot of 0
17:46:39.471 [main] INFO  csci.ooad.holdEm -- Starting hand 1... 

17:46:43.854 [main] INFO  csci.ooad.holdEm -- Player Phil wins the pot of 0
17:46:48.873 [main] INFO  csci.ooad.holdEm -- Starting hand 1... 

17:46:53.387 [main] INFO  csci.ooad.holdEm -- Player Phil wins the pot of 0
17:50:57.007 [main] INFO  csci.ooad.holdEm -- Player You wins the pot of 100
17:51:02.481 [main] INFO  csci.ooad.holdEm -- Starting hand 1... 

17:51:55.647 [main] INFO  csci.ooad.holdEm -- Player Phil wins the pot of 555
17:52:01.618 [main] INFO  csci.ooad.holdEm -- Starting hand 2... 

17:52:29.287 [main] INFO  csci.ooad.holdEm -- Player Daniel folds.
17:52:33.837 [main] INFO  csci.ooad.holdEm -- Player Phil wins the pot of 250
17:52:39.555 [main] INFO  csci.ooad.holdEm -- Starting hand 2... 

17:52:48.493 [main] INFO  csci.ooad.holdEm -- Player Daniel folds.
17:52:52.978 [main] INFO  csci.ooad.holdEm -- Player Phil wins the pot of 50
17:52:57.961 [main] INFO  csci.ooad.holdEm -- Starting hand 2... 

17:53:06.782 [main] INFO  csci.ooad.holdEm -- Player Daniel folds.
17:53:11.555 [main] INFO  csci.ooad.holdEm -- Player Phil wins the pot of 50
17:53:16.639 [main] INFO  csci.ooad.holdEm -- Starting hand 2... 

17:54:48.236 [main] INFO  csci.ooad.holdEm -- Player You wins the pot of 100
17:54:53.583 [main] INFO  csci.ooad.holdEm -- Starting hand 1... 

17:54:58.022 [main] INFO  csci.ooad.holdEm -- Player Phil wins the pot of 0
17:55:03.168 [main] INFO  csci.ooad.holdEm -- Starting hand 1... 

17:55:07.505 [main] INFO  csci.ooad.holdEm -- Player Phil wins the pot of 0
17:55:12.634 [main] INFO  csci.ooad.holdEm -- Starting hand 1... 

17:55:17.050 [main] INFO  csci.ooad.holdEm -- Player Phil wins the pot of 0
17:58:26.821 [main] INFO  csci.ooad.holdEm -- Player You wins the pot of 100
17:58:32.273 [main] INFO  csci.ooad.holdEm -- Starting hand 1... 

17:58:36.820 [main] INFO  csci.ooad.holdEm -- Player Phil wins the pot of 0
17:58:41.818 [main] INFO  csci.ooad.holdEm -- Game Over! Thanks For Playing!
17:59:11.330 [main] INFO  csci.ooad.holdEm -- Player You wins the pot of 100
17:59:16.544 [main] INFO  csci.ooad.holdEm -- Starting hand 1... 

17:59:20.950 [main] INFO  csci.ooad.holdEm -- Player Phil folds.
17:59:25.326 [main] INFO  csci.ooad.holdEm -- Player Daniel wins the pot of 200
17:59:30.770 [main] INFO  csci.ooad.holdEm -- Starting hand 2... 

17:59:35.236 [main] INFO  csci.ooad.holdEm -- Player Phil folds.
17:59:39.572 [main] INFO  csci.ooad.holdEm -- Player Daniel wins the pot of 176
17:59:45.856 [main] INFO  csci.ooad.holdEm -- Starting hand 3... 

17:59:50.326 [main] INFO  csci.ooad.holdEm -- Player Phil folds.
17:59:54.682 [main] INFO  csci.ooad.holdEm -- Player Daniel wins the pot of 158
18:00:00.753 [main] INFO  csci.ooad.holdEm -- Starting hand 4... 

18:00:05.110 [main] INFO  csci.ooad.holdEm -- Player Phil folds.
18:00:09.464 [main] INFO  csci.ooad.holdEm -- Player Daniel wins the pot of 142
18:00:15.566 [main] INFO  csci.ooad.holdEm -- Starting hand 5... 

18:00:20.026 [main] INFO  csci.ooad.holdEm -- Player Phil folds.
18:00:24.385 [main] INFO  csci.ooad.holdEm -- Player Daniel wins the pot of 128
18:00:37.251 [main] INFO  csci.ooad.holdEm -- Player You wins the pot of 100
18:00:42.767 [main] INFO  csci.ooad.holdEm -- Starting hand 1... 

18:00:47.218 [main] INFO  csci.ooad.holdEm -- Player Phil wins the pot of 476
18:00:53.301 [main] INFO  csci.ooad.holdEm -- Starting hand 2... 

18:00:58.185 [main] INFO  csci.ooad.holdEm -- Player Daniel folds.
18:01:02.697 [main] INFO  csci.ooad.holdEm -- Player Phil wins the pot of 314
18:01:08.501 [main] INFO  csci.ooad.holdEm -- Starting hand 3... 

18:01:12.852 [main] INFO  csci.ooad.holdEm -- Player Daniel folds.
18:02:27.034 [main] INFO  csci.ooad.holdEm -- Player You wins the pot of 100
18:02:32.443 [main] INFO  csci.ooad.holdEm -- Starting hand 1... 

18:02:36.783 [main] INFO  csci.ooad.holdEm -- Player Daniel folds.
18:02:41.293 [main] INFO  csci.ooad.holdEm -- Player Phil wins the pot of 150
18:02:46.957 [main] INFO  csci.ooad.holdEm -- Starting hand 2... 

18:02:51.295 [main] INFO  csci.ooad.holdEm -- Player Daniel folds.
18:02:55.819 [main] INFO  csci.ooad.holdEm -- Player Phil wins the pot of 175
18:03:01.914 [main] INFO  csci.ooad.holdEm -- Starting hand 3... 

18:03:06.335 [main] INFO  csci.ooad.holdEm -- Player Daniel folds.
18:03:10.897 [main] INFO  csci.ooad.holdEm -- Player Phil wins the pot of 157
18:03:16.854 [main] INFO  csci.ooad.holdEm -- Starting hand 4... 

18:03:21.290 [main] INFO  csci.ooad.holdEm -- Player Daniel folds.
18:03:25.845 [main] INFO  csci.ooad.holdEm -- Player Phil wins the pot of 180
18:03:31.315 [main] INFO  csci.ooad.holdEm -- Starting hand 5... 

18:03:35.668 [main] INFO  csci.ooad.holdEm -- Player Daniel folds.
18:03:40.263 [main] INFO  csci.ooad.holdEm -- Player Phil wins the pot of 164
18:03:46.277 [main] INFO  csci.ooad.holdEm -- Starting hand 6... 

18:03:50.722 [main] INFO  csci.ooad.holdEm -- Player Daniel folds.
18:03:55.442 [main] INFO  csci.ooad.holdEm -- Player Phil wins the pot of 186
18:04:01.306 [main] INFO  csci.ooad.holdEm -- Starting hand 7... 

18:04:05.738 [main] INFO  csci.ooad.holdEm -- Player Daniel folds.
18:04:10.271 [main] INFO  csci.ooad.holdEm -- Player Phil wins the pot of 171
18:04:16.205 [main] INFO  csci.ooad.holdEm -- Starting hand 8... 

18:04:20.459 [main] INFO  csci.ooad.holdEm -- Player Daniel folds.
18:04:24.929 [main] INFO  csci.ooad.holdEm -- Player Phil wins the pot of 192
18:04:30.770 [main] INFO  csci.ooad.holdEm -- Starting hand 9... 

18:04:35.153 [main] INFO  csci.ooad.holdEm -- Player Daniel folds.
18:04:39.688 [main] INFO  csci.ooad.holdEm -- Player Phil wins the pot of 177
18:04:45.701 [main] INFO  csci.ooad.holdEm -- Starting hand 10... 

18:04:50.057 [main] INFO  csci.ooad.holdEm -- Player Daniel folds.
18:04:54.678 [main] INFO  csci.ooad.holdEm -- Player Phil wins the pot of 197
18:05:00.659 [main] INFO  csci.ooad.holdEm -- Starting hand 11... 

18:05:05.129 [main] INFO  csci.ooad.holdEm -- Player Daniel folds.
18:19:21.997 [Test worker] INFO  csci.ooad.holdEm -- Starting hand 1... 

